<?xml version="1.0" encoding="UTF-8"?>
<!-- Generated by org.testng.reporters.JUnitXMLReporter -->
<testsuite hostname="DESKTOP-4CQB1KS" ignored="0" name="Default test" tests="5" failures="0" timestamp="2021-02-08T10:44:57 IST" time="3.637" errors="0">
  <testcase name="test_getAllVideogames" time="2.389" classname="com.api.test.TC_VediogameAPI"/>
  <testcase name="addNewGame" time="0.426" classname="com.api.test.TC_VediogameAPI"/>
  <testcase name="getVideoGame" time="0.644" classname="com.api.test.TC_VediogameAPI"/>
  <testcase name="updateVideogameName" time="0.082" classname="com.api.test.TC_VediogameAPI"/>
  <testcase name="deleteVideogame" time="0.027" classname="com.api.test.TC_VediogameAPI"/>
</testsuite> <!-- Default test -->
