<?xml version="1.0" encoding="UTF-8"?>
<!-- Generated by org.testng.reporters.JUnitXMLReporter -->
<testsuite hostname="DESKTOP-4CQB1KS" ignored="0" name="Test" tests="5" failures="0" timestamp="2021-02-08T20:59:44 IST" time="3.634" errors="0">
  <testcase name="test_getAllVideogames" time="2.254" classname="com.api.test.TC_VediogameAPI"/>
  <testcase name="addNewGame" time="0.519" classname="com.api.test.TC_VediogameAPI"/>
  <testcase name="getVideoGame" time="0.684" classname="com.api.test.TC_VediogameAPI"/>
  <testcase name="updateVideogameName" time="0.095" classname="com.api.test.TC_VediogameAPI"/>
  <testcase name="deleteVideogame" time="0.026" classname="com.api.test.TC_VediogameAPI"/>
</testsuite> <!-- Test -->
