<?xml version="1.0" encoding="UTF-8"?>
<!-- Generated by org.testng.reporters.JUnitXMLReporter -->
<testsuite hostname="DESKTOP-4CQB1KS" ignored="0" name="Test" tests="5" failures="0" timestamp="2021-02-08T20:56:20 IST" time="3.721" errors="0">
  <testcase name="test_getAllVideogames" time="2.329" classname="com.api.test.TC_VediogameAPI"/>
  <testcase name="addNewGame" time="0.494" classname="com.api.test.TC_VediogameAPI"/>
  <testcase name="getVideoGame" time="0.72" classname="com.api.test.TC_VediogameAPI"/>
  <testcase name="updateVideogameName" time="0.111" classname="com.api.test.TC_VediogameAPI"/>
  <testcase name="deleteVideogame" time="0.027" classname="com.api.test.TC_VediogameAPI"/>
</testsuite> <!-- Test -->
