<?xml version="1.0" encoding="UTF-8"?>
<!-- Generated by org.testng.reporters.JUnitXMLReporter -->
<testsuite hostname="DESKTOP-4CQB1KS" ignored="0" name="Test" tests="5" failures="0" timestamp="2021-02-09T12:00:40 IST" time="4.687" errors="0">
  <testcase name="test_getAllVideogames" time="3.062" classname="com.api.test.TC_VediogameAPI"/>
  <testcase name="addNewGame" time="0.695" classname="com.api.test.TC_VediogameAPI"/>
  <testcase name="getVideoGame" time="0.781" classname="com.api.test.TC_VediogameAPI"/>
  <testcase name="updateVideogameName" time="0.087" classname="com.api.test.TC_VediogameAPI"/>
  <testcase name="deleteVideogame" time="0.026" classname="com.api.test.TC_VediogameAPI"/>
</testsuite> <!-- Test -->
