<?xml version="1.0" encoding="UTF-8"?>
<testsuite xmlns:xsi="http://www.w3.org/2001/XMLSchema-instance" xsi:noNamespaceSchemaLocation="https://maven.apache.org/surefire/maven-surefire-plugin/xsd/surefire-test-report-3.0.xsd" version="3.0" name="TestSuite" time="4.352" tests="5" errors="0" skipped="0" failures="0">
  <properties>
[...]
</properties>
  <testcase name="test_getAllVideogames" classname="com.api.test.TC_VediogameAPI" time="2.33">
    <system-out><![CDATA[Test case 1 passed 
]]></system-out>
  </testcase>
  <testcase name="addNewGame" classname="com.api.test.TC_VediogameAPI" time="0.495">
    <system-out><![CDATA[{"status": "Record Added Successfully"}
Test case 2 passed 
]]></system-out>
    <system-err><![CDATA[[Fatal Error] :1:1: Content is not allowed in prolog.
]]></system-err>
  </testcase>
  <testcase name="getVideoGame" classname="com.api.test.TC_VediogameAPI" time="0.72">
    <system-out><![CDATA[Test case 3 passed 
]]></system-out>
  </testcase>
  <testcase name="updateVideogameName" classname="com.api.test.TC_VediogameAPI" time="0.112">
    <system-out><![CDATA[<videoGame category="Adventure" rating="Universal">
  <id>5</id>
  <name>Paceman</name>
  <releaseDate>2019-09-20T00:00:00+05:30</releaseDate>
  <reviewScore>4</reviewScore>
</videoGame>
Test case 4 passed 
]]></system-out>
  </testcase>
  <testcase name="deleteVideogame" classname="com.api.test.TC_VediogameAPI" time="0.028">
    <system-out><![CDATA[{"status": "Record Deleted Successfully"}
Test case 5 passed 
]]></system-out>
    <system-err><![CDATA[[Fatal Error] :1:1: Content is not allowed in prolog.
]]></system-err>
  </testcase>
</testsuite>