<?xml version="1.0" encoding="UTF-8"?>
<testng-results skipped="0" failed="0" ignored="0" total="5" passed="5">
  <reporter-output>
  </reporter-output>
  <suite name="Suite" duration-ms="3634" started-at="2021-02-08T20:59:40 IST" finished-at="2021-02-08T20:59:44 IST">
    <groups>
    </groups>
    <test name="Test" duration-ms="3634" started-at="2021-02-08T20:59:40 IST" finished-at="2021-02-08T20:59:44 IST">
      <class name="com.api.test.TC_VediogameAPI">
        <test-method status="PASS" signature="test_getAllVideogames()[pri:1, instance:com.api.test.TC_VediogameAPI@3cb1ffe6]" name="test_getAllVideogames" duration-ms="2254" started-at="2021-02-08T20:59:40 IST" finished-at="2021-02-08T20:59:42 IST">
          <reporter-output>
          </reporter-output>
        </test-method> <!-- test_getAllVideogames -->
        <test-method status="PASS" signature="addNewGame()[pri:2, instance:com.api.test.TC_VediogameAPI@3cb1ffe6]" name="addNewGame" duration-ms="519" started-at="2021-02-08T20:59:42 IST" finished-at="2021-02-08T20:59:43 IST">
          <reporter-output>
          </reporter-output>
        </test-method> <!-- addNewGame -->
        <test-method status="PASS" signature="getVideoGame()[pri:3, instance:com.api.test.TC_VediogameAPI@3cb1ffe6]" name="getVideoGame" duration-ms="684" started-at="2021-02-08T20:59:43 IST" finished-at="2021-02-08T20:59:43 IST">
          <reporter-output>
          </reporter-output>
        </test-method> <!-- getVideoGame -->
        <test-method status="PASS" signature="updateVideogameName()[pri:4, instance:com.api.test.TC_VediogameAPI@3cb1ffe6]" name="updateVideogameName" duration-ms="95" started-at="2021-02-08T20:59:43 IST" finished-at="2021-02-08T20:59:44 IST">
          <reporter-output>
          </reporter-output>
        </test-method> <!-- updateVideogameName -->
        <test-method status="PASS" signature="deleteVideogame()[pri:5, instance:com.api.test.TC_VediogameAPI@3cb1ffe6]" name="deleteVideogame" duration-ms="26" started-at="2021-02-08T20:59:44 IST" finished-at="2021-02-08T20:59:44 IST">
          <reporter-output>
          </reporter-output>
        </test-method> <!-- deleteVideogame -->
      </class> <!-- com.api.test.TC_VediogameAPI -->
    </test> <!-- Test -->
  </suite> <!-- Suite -->
</testng-results>
